Disabling port 8 at Wed Apr  4 14:59:28 PDT 2012
Enabling port 8 at Wed Apr  4 14:59:38 PDT 2012
Disabling port 8 at Wed Apr  4 15:01:38 PDT 2012
Enabling port 8 at Wed Apr  4 15:01:48 PDT 2012
Disabling port 8 at Wed Apr  4 15:03:59 PDT 2012
Enabling port 8 at Wed Apr  4 15:04:09 PDT 2012
Disabling port 8 at Wed Apr  4 15:06:09 PDT 2012
Enabling port 8 at Wed Apr  4 15:06:19 PDT 2012
Disabling port 8 at Wed Apr  4 15:08:30 PDT 2012
Enabling port 8 at Wed Apr  4 15:08:40 PDT 2012
Disabling port 8 at Wed Apr  4 15:10:40 PDT 2012
Enabling port 8 at Wed Apr  4 15:10:51 PDT 2012
Disabling port 8 at Wed Apr  4 15:13:02 PDT 2012
Enabling port 8 at Wed Apr  4 15:13:12 PDT 2012
Disabling port 8 at Wed Apr  4 15:15:12 PDT 2012
Enabling port 8 at Wed Apr  4 15:15:22 PDT 2012
Disabling port 8 at Wed Apr  4 15:17:33 PDT 2012
Enabling port 8 at Wed Apr  4 15:17:43 PDT 2012
Disabling port 8 at Wed Apr  4 15:19:43 PDT 2012
Enabling port 8 at Wed Apr  4 15:19:53 PDT 2012
Disabling port 8 at Wed Apr  4 15:22:04 PDT 2012
Enabling port 8 at Wed Apr  4 15:22:14 PDT 2012
Disabling port 8 at Wed Apr  4 15:24:14 PDT 2012
Enabling port 8 at Wed Apr  4 15:24:24 PDT 2012
Disabling port 8 at Wed Apr  4 15:26:36 PDT 2012
Enabling port 8 at Wed Apr  4 15:26:46 PDT 2012
Disabling port 8 at Wed Apr  4 15:28:46 PDT 2012
Enabling port 8 at Wed Apr  4 15:28:56 PDT 2012
Disabling port 8 at Wed Apr  4 15:31:07 PDT 2012
Enabling port 8 at Wed Apr  4 15:31:17 PDT 2012
Disabling port 8 at Wed Apr  4 15:33:17 PDT 2012
Enabling port 8 at Wed Apr  4 15:33:27 PDT 2012
Disabling port 8 at Wed Apr  4 15:35:38 PDT 2012
Enabling port 8 at Wed Apr  4 15:35:48 PDT 2012
Disabling port 8 at Wed Apr  4 15:37:48 PDT 2012
Enabling port 8 at Wed Apr  4 15:37:58 PDT 2012
Disabling port 8 at Wed Apr  4 15:40:10 PDT 2012
Enabling port 8 at Wed Apr  4 15:40:20 PDT 2012
Disabling port 8 at Wed Apr  4 15:42:20 PDT 2012
Enabling port 8 at Wed Apr  4 15:42:30 PDT 2012
Disabling port 14 at Wed Apr  4 15:43:24 PDT 2012
Enabling port 14 at Wed Apr  4 15:43:34 PDT 2012
Disabling port 14 at Wed Apr  4 15:45:34 PDT 2012
Enabling port 14 at Wed Apr  4 15:45:44 PDT 2012
Disabling port 14 at Wed Apr  4 15:47:55 PDT 2012
Enabling port 14 at Wed Apr  4 15:48:05 PDT 2012
Disabling port 14 at Wed Apr  4 15:50:05 PDT 2012
Enabling port 14 at Wed Apr  4 15:50:15 PDT 2012
Disabling port 14 at Wed Apr  4 15:52:26 PDT 2012
Enabling port 14 at Wed Apr  4 15:52:36 PDT 2012
Disabling port 14 at Wed Apr  4 15:54:36 PDT 2012
Enabling port 14 at Wed Apr  4 15:54:46 PDT 2012
Disabling port 14 at Wed Apr  4 15:56:57 PDT 2012
Enabling port 14 at Wed Apr  4 15:57:07 PDT 2012
Disabling port 14 at Wed Apr  4 15:59:07 PDT 2012
Enabling port 14 at Wed Apr  4 15:59:17 PDT 2012
Disabling port 14 at Wed Apr  4 16:01:29 PDT 2012
Enabling port 14 at Wed Apr  4 16:01:39 PDT 2012
Disabling port 14 at Wed Apr  4 16:03:39 PDT 2012
Enabling port 14 at Wed Apr  4 16:03:49 PDT 2012
Disabling port 14 at Wed Apr  4 16:06:00 PDT 2012
Enabling port 14 at Wed Apr  4 16:06:10 PDT 2012
Disabling port 14 at Wed Apr  4 16:08:10 PDT 2012
Enabling port 14 at Wed Apr  4 16:08:20 PDT 2012
Disabling port 14 at Wed Apr  4 16:10:31 PDT 2012
Enabling port 14 at Wed Apr  4 16:10:41 PDT 2012
Disabling port 14 at Wed Apr  4 16:12:41 PDT 2012
Enabling port 14 at Wed Apr  4 16:12:51 PDT 2012
Disabling port 14 at Wed Apr  4 16:15:03 PDT 2012
Enabling port 14 at Wed Apr  4 16:15:13 PDT 2012
Disabling port 14 at Wed Apr  4 16:17:13 PDT 2012
Enabling port 14 at Wed Apr  4 16:17:23 PDT 2012
Disabling port 14 at Wed Apr  4 16:19:34 PDT 2012
Enabling port 14 at Wed Apr  4 16:19:44 PDT 2012
Disabling port 14 at Wed Apr  4 16:21:44 PDT 2012
Enabling port 14 at Wed Apr  4 16:21:54 PDT 2012
Disabling port 14 at Wed Apr  4 16:24:05 PDT 2012
Enabling port 14 at Wed Apr  4 16:24:15 PDT 2012
Disabling port 14 at Wed Apr  4 16:26:15 PDT 2012
Enabling port 14 at Wed Apr  4 16:26:25 PDT 2012
Disabling port 14 at Wed Apr  4 16:28:37 PDT 2012
Enabling port 14 at Wed Apr  4 16:28:47 PDT 2012
Disabling port 14 at Wed Apr  4 16:30:47 PDT 2012
Enabling port 14 at Wed Apr  4 16:30:57 PDT 2012
Disabling port 14 at Wed Apr  4 16:33:08 PDT 2012
Enabling port 14 at Wed Apr  4 16:33:18 PDT 2012
Disabling port 14 at Wed Apr  4 16:35:18 PDT 2012
Enabling port 14 at Wed Apr  4 16:35:28 PDT 2012
Disabling port 14 at Wed Apr  4 16:37:39 PDT 2012
Enabling port 14 at Wed Apr  4 16:37:50 PDT 2012
Disabling port 14 at Wed Apr  4 16:39:50 PDT 2012
Enabling port 14 at Wed Apr  4 16:40:00 PDT 2012
Disabling port 14 at Wed Apr  4 16:42:11 PDT 2012
Enabling port 14 at Wed Apr  4 16:42:21 PDT 2012
Disabling port 14 at Wed Apr  4 16:44:21 PDT 2012
Enabling port 14 at Wed Apr  4 16:44:31 PDT 2012
Disabling port 14 at Wed Apr  4 16:46:42 PDT 2012
Enabling port 14 at Wed Apr  4 16:46:52 PDT 2012
Disabling port 14 at Wed Apr  4 16:48:52 PDT 2012
Enabling port 14 at Wed Apr  4 16:49:02 PDT 2012
Disabling port 14 at Wed Apr  4 16:51:14 PDT 2012
Enabling port 14 at Wed Apr  4 16:51:24 PDT 2012
Disabling port 14 at Wed Apr  4 16:53:24 PDT 2012
Enabling port 14 at Wed Apr  4 16:53:34 PDT 2012
Disabling port 14 at Wed Apr  4 16:55:45 PDT 2012
Enabling port 14 at Wed Apr  4 16:55:55 PDT 2012
Disabling port 14 at Wed Apr  4 16:57:55 PDT 2012
Enabling port 14 at Wed Apr  4 16:58:05 PDT 2012
Disabling port 14 at Wed Apr  4 17:00:16 PDT 2012
Enabling port 14 at Wed Apr  4 17:00:26 PDT 2012
Disabling port 14 at Wed Apr  4 17:02:26 PDT 2012
Enabling port 14 at Wed Apr  4 17:02:36 PDT 2012
Disabling port 14 at Wed Apr  4 17:04:48 PDT 2012
Enabling port 14 at Wed Apr  4 17:04:58 PDT 2012
Disabling port 14 at Wed Apr  4 17:06:58 PDT 2012
Enabling port 14 at Wed Apr  4 17:07:08 PDT 2012
Disabling port 14 at Wed Apr  4 17:09:19 PDT 2012
Enabling port 14 at Wed Apr  4 17:09:29 PDT 2012
Disabling port 14 at Wed Apr  4 17:11:29 PDT 2012
Enabling port 14 at Wed Apr  4 17:11:39 PDT 2012
Disabling port 14 at Wed Apr  4 17:13:50 PDT 2012
Enabling port 14 at Wed Apr  4 17:14:00 PDT 2012
Disabling port 14 at Wed Apr  4 17:16:00 PDT 2012
Enabling port 14 at Wed Apr  4 17:16:10 PDT 2012
Disabling port 14 at Wed Apr  4 17:18:21 PDT 2012
Enabling port 14 at Wed Apr  4 17:18:31 PDT 2012
Disabling port 14 at Wed Apr  4 17:20:32 PDT 2012
Enabling port 14 at Wed Apr  4 17:20:42 PDT 2012
Disabling port 14 at Wed Apr  4 17:22:53 PDT 2012
Enabling port 14 at Wed Apr  4 17:23:03 PDT 2012
Disabling port 14 at Wed Apr  4 17:25:03 PDT 2012
Enabling port 14 at Wed Apr  4 17:25:13 PDT 2012
Disabling port 14 at Wed Apr  4 17:27:24 PDT 2012
Enabling port 14 at Wed Apr  4 17:27:34 PDT 2012
Disabling port 14 at Wed Apr  4 17:29:34 PDT 2012
Enabling port 14 at Wed Apr  4 17:29:44 PDT 2012
Disabling port 14 at Wed Apr  4 17:31:55 PDT 2012
Enabling port 14 at Wed Apr  4 17:32:05 PDT 2012
Disabling port 14 at Wed Apr  4 17:34:05 PDT 2012
Enabling port 14 at Wed Apr  4 17:34:15 PDT 2012
Disabling port 14 at Wed Apr  4 17:36:27 PDT 2012
Enabling port 14 at Wed Apr  4 17:36:37 PDT 2012
Disabling port 14 at Wed Apr  4 17:38:37 PDT 2012
Enabling port 14 at Wed Apr  4 17:38:47 PDT 2012
Disabling port 14 at Wed Apr  4 17:40:58 PDT 2012
Enabling port 14 at Wed Apr  4 17:41:08 PDT 2012
Disabling port 14 at Wed Apr  4 17:43:08 PDT 2012
Enabling port 14 at Wed Apr  4 17:43:18 PDT 2012
Disabling port 14 at Wed Apr  4 17:45:29 PDT 2012
Enabling port 14 at Wed Apr  4 17:45:39 PDT 2012
Disabling port 14 at Wed Apr  4 17:47:39 PDT 2012
Enabling port 14 at Wed Apr  4 17:47:49 PDT 2012
Disabling port 14 at Wed Apr  4 17:50:01 PDT 2012
Enabling port 14 at Wed Apr  4 17:50:11 PDT 2012
Disabling port 14 at Wed Apr  4 17:52:11 PDT 2012
Enabling port 14 at Wed Apr  4 17:52:21 PDT 2012
Disabling port 14 at Wed Apr  4 17:54:32 PDT 2012
Enabling port 14 at Wed Apr  4 17:54:42 PDT 2012
Disabling port 14 at Wed Apr  4 17:56:42 PDT 2012
Enabling port 14 at Wed Apr  4 17:56:52 PDT 2012
Disabling port 14 at Wed Apr  4 17:59:03 PDT 2012
Enabling port 14 at Wed Apr  4 17:59:13 PDT 2012
Disabling port 14 at Wed Apr  4 18:01:13 PDT 2012
Enabling port 14 at Wed Apr  4 18:01:23 PDT 2012
Disabling port 14 at Wed Apr  4 18:03:34 PDT 2012
Enabling port 14 at Wed Apr  4 18:03:44 PDT 2012
Disabling port 14 at Wed Apr  4 18:05:45 PDT 2012
Enabling port 14 at Wed Apr  4 18:05:55 PDT 2012
Disabling port 14 at Wed Apr  4 18:08:06 PDT 2012
Enabling port 14 at Wed Apr  4 18:08:16 PDT 2012
Disabling port 14 at Wed Apr  4 18:10:16 PDT 2012
Enabling port 14 at Wed Apr  4 18:10:26 PDT 2012
Disabling port 14 at Wed Apr  4 18:12:37 PDT 2012
Enabling port 14 at Wed Apr  4 18:12:47 PDT 2012
Disabling port 14 at Wed Apr  4 18:14:47 PDT 2012
Enabling port 14 at Wed Apr  4 18:14:57 PDT 2012
Disabling port 14 at Wed Apr  4 18:17:08 PDT 2012
Enabling port 14 at Wed Apr  4 18:17:18 PDT 2012
Disabling port 14 at Wed Apr  4 18:19:18 PDT 2012
Enabling port 14 at Wed Apr  4 18:19:28 PDT 2012
Disabling port 14 at Wed Apr  4 18:21:40 PDT 2012
Enabling port 14 at Wed Apr  4 18:21:50 PDT 2012
Disabling port 14 at Wed Apr  4 18:23:50 PDT 2012
Enabling port 14 at Wed Apr  4 18:24:00 PDT 2012
Disabling port 14 at Wed Apr  4 18:26:11 PDT 2012
Enabling port 14 at Wed Apr  4 18:26:21 PDT 2012
Disabling port 14 at Wed Apr  4 18:28:21 PDT 2012
Enabling port 14 at Wed Apr  4 18:28:31 PDT 2012
Disabling port 14 at Wed Apr  4 18:30:42 PDT 2012
Enabling port 14 at Wed Apr  4 18:30:53 PDT 2012
Disabling port 14 at Wed Apr  4 18:32:53 PDT 2012
Enabling port 14 at Wed Apr  4 18:33:03 PDT 2012
Disabling port 14 at Wed Apr  4 18:35:14 PDT 2012
Enabling port 14 at Wed Apr  4 18:35:24 PDT 2012
Disabling port 14 at Wed Apr  4 18:37:24 PDT 2012
Enabling port 14 at Wed Apr  4 18:37:34 PDT 2012
Disabling port 14 at Wed Apr  4 18:39:45 PDT 2012
Enabling port 14 at Wed Apr  4 18:39:55 PDT 2012
Disabling port 14 at Wed Apr  4 18:41:55 PDT 2012
Enabling port 14 at Wed Apr  4 18:42:05 PDT 2012
Disabling port 14 at Wed Apr  4 18:44:16 PDT 2012
Enabling port 14 at Wed Apr  4 18:44:26 PDT 2012
Disabling port 14 at Wed Apr  4 18:46:26 PDT 2012
Enabling port 14 at Wed Apr  4 18:46:37 PDT 2012
Disabling port 14 at Wed Apr  4 18:48:48 PDT 2012
Enabling port 14 at Wed Apr  4 18:48:58 PDT 2012
Disabling port 14 at Wed Apr  4 18:50:58 PDT 2012
Enabling port 14 at Wed Apr  4 18:51:08 PDT 2012
Disabling port 14 at Wed Apr  4 18:53:19 PDT 2012
Enabling port 14 at Wed Apr  4 18:53:29 PDT 2012
Disabling port 14 at Wed Apr  4 18:55:29 PDT 2012
Enabling port 14 at Wed Apr  4 18:55:39 PDT 2012
Disabling port 14 at Wed Apr  4 18:57:50 PDT 2012
Enabling port 14 at Wed Apr  4 18:58:00 PDT 2012
Disabling port 14 at Wed Apr  4 19:00:00 PDT 2012
Enabling port 14 at Wed Apr  4 19:00:10 PDT 2012
Disabling port 14 at Wed Apr  4 19:02:22 PDT 2012
Enabling port 14 at Wed Apr  4 19:02:32 PDT 2012
Disabling port 14 at Wed Apr  4 19:04:32 PDT 2012
Enabling port 14 at Wed Apr  4 19:04:42 PDT 2012
Disabling port 14 at Wed Apr  4 19:06:53 PDT 2012
Enabling port 14 at Wed Apr  4 19:07:03 PDT 2012
Disabling port 14 at Wed Apr  4 19:09:03 PDT 2012
Enabling port 14 at Wed Apr  4 19:09:13 PDT 2012
Disabling port 14 at Wed Apr  4 19:11:24 PDT 2012
Enabling port 14 at Wed Apr  4 19:11:34 PDT 2012
Disabling port 14 at Wed Apr  4 19:13:34 PDT 2012
Enabling port 14 at Wed Apr  4 19:13:44 PDT 2012
Disabling port 14 at Wed Apr  4 19:15:56 PDT 2012
Enabling port 14 at Wed Apr  4 19:16:06 PDT 2012
Disabling port 14 at Wed Apr  4 19:18:06 PDT 2012
Enabling port 14 at Wed Apr  4 19:18:16 PDT 2012
Disabling port 14 at Wed Apr  4 19:20:27 PDT 2012
Enabling port 14 at Wed Apr  4 19:20:37 PDT 2012
Disabling port 14 at Wed Apr  4 19:22:37 PDT 2012
Enabling port 14 at Wed Apr  4 19:22:47 PDT 2012
Disabling port 14 at Wed Apr  4 19:24:58 PDT 2012
Enabling port 14 at Wed Apr  4 19:25:08 PDT 2012
Disabling port 14 at Wed Apr  4 19:27:08 PDT 2012
Enabling port 14 at Wed Apr  4 19:27:18 PDT 2012
Disabling port 14 at Wed Apr  4 19:29:29 PDT 2012
Enabling port 14 at Wed Apr  4 19:29:39 PDT 2012
Disabling port 14 at Wed Apr  4 19:31:40 PDT 2012
Enabling port 14 at Wed Apr  4 19:31:50 PDT 2012
Disabling port 14 at Wed Apr  4 19:34:01 PDT 2012
Enabling port 14 at Wed Apr  4 19:34:11 PDT 2012
Disabling port 14 at Wed Apr  4 19:36:11 PDT 2012
Enabling port 14 at Wed Apr  4 19:36:21 PDT 2012
Disabling port 14 at Wed Apr  4 19:38:32 PDT 2012
Enabling port 14 at Wed Apr  4 19:38:42 PDT 2012
Disabling port 14 at Wed Apr  4 19:40:42 PDT 2012
Enabling port 14 at Wed Apr  4 19:40:52 PDT 2012
Disabling port 14 at Wed Apr  4 19:43:03 PDT 2012
Enabling port 14 at Wed Apr  4 19:43:13 PDT 2012
Disabling port 14 at Wed Apr  4 19:45:13 PDT 2012
Enabling port 14 at Wed Apr  4 19:45:23 PDT 2012
Disabling port 14 at Wed Apr  4 19:47:35 PDT 2012
Enabling port 14 at Wed Apr  4 19:47:45 PDT 2012
Disabling port 14 at Wed Apr  4 19:49:45 PDT 2012
Enabling port 14 at Wed Apr  4 19:49:55 PDT 2012
Disabling port 14 at Wed Apr  4 19:52:06 PDT 2012
Enabling port 14 at Wed Apr  4 19:52:16 PDT 2012
Disabling port 14 at Wed Apr  4 19:54:16 PDT 2012
Enabling port 14 at Wed Apr  4 19:54:26 PDT 2012
Disabling port 14 at Wed Apr  4 19:56:37 PDT 2012
Enabling port 14 at Wed Apr  4 19:56:47 PDT 2012
Disabling port 14 at Wed Apr  4 19:58:47 PDT 2012
Enabling port 14 at Wed Apr  4 19:58:57 PDT 2012
Disabling port 14 at Wed Apr  4 20:01:08 PDT 2012
Enabling port 14 at Wed Apr  4 20:01:19 PDT 2012
Disabling port 14 at Wed Apr  4 20:03:19 PDT 2012
Enabling port 14 at Wed Apr  4 20:03:29 PDT 2012
Disabling port 14 at Wed Apr  4 20:05:40 PDT 2012
Enabling port 14 at Wed Apr  4 20:05:50 PDT 2012
Disabling port 14 at Wed Apr  4 20:07:50 PDT 2012
Enabling port 14 at Wed Apr  4 20:08:00 PDT 2012
Disabling port 14 at Wed Apr  4 20:10:11 PDT 2012
Enabling port 14 at Wed Apr  4 20:10:21 PDT 2012
Disabling port 14 at Wed Apr  4 20:12:21 PDT 2012
Enabling port 14 at Wed Apr  4 20:12:31 PDT 2012
Disabling port 14 at Wed Apr  4 20:14:42 PDT 2012
Enabling port 14 at Wed Apr  4 20:14:52 PDT 2012
Disabling port 14 at Wed Apr  4 20:16:52 PDT 2012
Enabling port 14 at Wed Apr  4 20:17:03 PDT 2012
Disabling port 14 at Wed Apr  4 20:19:14 PDT 2012
Enabling port 14 at Wed Apr  4 20:19:24 PDT 2012
Disabling port 14 at Wed Apr  4 20:21:24 PDT 2012
Enabling port 14 at Wed Apr  4 20:21:34 PDT 2012
Disabling port 14 at Wed Apr  4 20:23:45 PDT 2012
Enabling port 14 at Wed Apr  4 20:23:55 PDT 2012
Disabling port 14 at Wed Apr  4 20:25:55 PDT 2012
Enabling port 14 at Wed Apr  4 20:26:05 PDT 2012
Disabling port 14 at Wed Apr  4 20:28:16 PDT 2012
Enabling port 14 at Wed Apr  4 20:28:26 PDT 2012
Disabling port 14 at Wed Apr  4 20:30:26 PDT 2012
Enabling port 14 at Wed Apr  4 20:30:36 PDT 2012
Disabling port 14 at Wed Apr  4 20:32:48 PDT 2012
Enabling port 14 at Wed Apr  4 20:32:58 PDT 2012
Disabling port 14 at Wed Apr  4 20:34:58 PDT 2012
Enabling port 14 at Wed Apr  4 20:35:08 PDT 2012
Disabling port 14 at Wed Apr  4 20:37:19 PDT 2012
Enabling port 14 at Wed Apr  4 20:37:29 PDT 2012
Disabling port 14 at Wed Apr  4 20:39:29 PDT 2012
Enabling port 14 at Wed Apr  4 20:39:39 PDT 2012
Disabling port 14 at Wed Apr  4 20:41:50 PDT 2012
Enabling port 14 at Wed Apr  4 20:42:00 PDT 2012
Disabling port 14 at Wed Apr  4 20:44:00 PDT 2012
Enabling port 14 at Wed Apr  4 20:44:10 PDT 2012
Disabling port 14 at Wed Apr  4 20:46:21 PDT 2012
Enabling port 14 at Wed Apr  4 20:46:31 PDT 2012
Disabling port 14 at Wed Apr  4 20:48:32 PDT 2012
Enabling port 14 at Wed Apr  4 20:48:42 PDT 2012
Disabling port 14 at Wed Apr  4 20:50:53 PDT 2012
Enabling port 14 at Wed Apr  4 20:51:03 PDT 2012
Disabling port 14 at Wed Apr  4 20:53:03 PDT 2012
Enabling port 14 at Wed Apr  4 20:53:13 PDT 2012
Disabling port 14 at Wed Apr  4 20:55:24 PDT 2012
Enabling port 14 at Wed Apr  4 20:55:34 PDT 2012
Disabling port 14 at Wed Apr  4 20:57:34 PDT 2012
Enabling port 14 at Wed Apr  4 20:57:44 PDT 2012
Disabling port 14 at Wed Apr  4 20:59:55 PDT 2012
Enabling port 14 at Wed Apr  4 21:00:05 PDT 2012
Disabling port 14 at Wed Apr  4 21:02:05 PDT 2012
Enabling port 14 at Wed Apr  4 21:02:15 PDT 2012
Disabling port 14 at Wed Apr  4 21:04:27 PDT 2012
Enabling port 14 at Wed Apr  4 21:04:37 PDT 2012
Disabling port 14 at Wed Apr  4 21:06:37 PDT 2012
Enabling port 14 at Wed Apr  4 21:06:47 PDT 2012
Disabling port 14 at Wed Apr  4 21:08:58 PDT 2012
Enabling port 14 at Wed Apr  4 21:09:08 PDT 2012
Disabling port 14 at Wed Apr  4 21:11:08 PDT 2012
Enabling port 14 at Wed Apr  4 21:11:18 PDT 2012
Disabling port 14 at Wed Apr  4 21:13:29 PDT 2012
Enabling port 14 at Wed Apr  4 21:13:39 PDT 2012
Disabling port 14 at Wed Apr  4 21:15:39 PDT 2012
Enabling port 14 at Wed Apr  4 21:15:49 PDT 2012
Disabling port 14 at Wed Apr  4 21:18:01 PDT 2012
Enabling port 14 at Wed Apr  4 21:18:11 PDT 2012
Disabling port 14 at Wed Apr  4 21:20:11 PDT 2012
Enabling port 14 at Wed Apr  4 21:20:21 PDT 2012
Disabling port 14 at Wed Apr  4 21:22:32 PDT 2012
Enabling port 14 at Wed Apr  4 21:22:42 PDT 2012
Disabling port 14 at Wed Apr  4 21:24:42 PDT 2012
Enabling port 14 at Wed Apr  4 21:24:52 PDT 2012
Disabling port 14 at Wed Apr  4 21:27:03 PDT 2012
Enabling port 14 at Wed Apr  4 21:27:13 PDT 2012
Disabling port 14 at Wed Apr  4 21:29:13 PDT 2012
Enabling port 14 at Wed Apr  4 21:29:23 PDT 2012
Disabling port 14 at Wed Apr  4 21:31:34 PDT 2012
Enabling port 14 at Wed Apr  4 21:31:44 PDT 2012
Disabling port 14 at Wed Apr  4 21:33:44 PDT 2012
Enabling port 14 at Wed Apr  4 21:33:54 PDT 2012
Disabling port 14 at Wed Apr  4 21:36:06 PDT 2012
Enabling port 14 at Wed Apr  4 21:36:16 PDT 2012
Disabling port 14 at Wed Apr  4 21:38:16 PDT 2012
Enabling port 14 at Wed Apr  4 21:38:26 PDT 2012
Disabling port 14 at Wed Apr  4 21:40:37 PDT 2012
Enabling port 14 at Wed Apr  4 21:40:47 PDT 2012
Disabling port 14 at Wed Apr  4 21:42:47 PDT 2012
Enabling port 14 at Wed Apr  4 21:42:57 PDT 2012
Disabling port 14 at Wed Apr  4 21:45:08 PDT 2012
Enabling port 14 at Wed Apr  4 21:45:18 PDT 2012
Disabling port 14 at Wed Apr  4 21:47:18 PDT 2012
Enabling port 14 at Wed Apr  4 21:47:28 PDT 2012
Disabling port 14 at Wed Apr  4 21:49:40 PDT 2012
Enabling port 14 at Wed Apr  4 21:49:50 PDT 2012
Disabling port 14 at Wed Apr  4 21:51:50 PDT 2012
Enabling port 14 at Wed Apr  4 21:52:00 PDT 2012
Disabling port 14 at Wed Apr  4 21:54:11 PDT 2012
Enabling port 14 at Wed Apr  4 21:54:21 PDT 2012
Disabling port 14 at Wed Apr  4 21:56:21 PDT 2012
Enabling port 14 at Wed Apr  4 21:56:31 PDT 2012
Disabling port 14 at Wed Apr  4 21:58:42 PDT 2012
Enabling port 14 at Wed Apr  4 21:58:52 PDT 2012
Disabling port 14 at Wed Apr  4 22:00:52 PDT 2012
Enabling port 14 at Wed Apr  4 22:01:02 PDT 2012
Disabling port 14 at Wed Apr  4 22:03:14 PDT 2012
Enabling port 14 at Wed Apr  4 22:03:24 PDT 2012
Disabling port 14 at Wed Apr  4 22:05:24 PDT 2012
Enabling port 14 at Wed Apr  4 22:05:34 PDT 2012
Disabling port 14 at Wed Apr  4 22:07:45 PDT 2012
Enabling port 14 at Wed Apr  4 22:07:55 PDT 2012
Disabling port 14 at Wed Apr  4 22:09:55 PDT 2012
Enabling port 14 at Wed Apr  4 22:10:05 PDT 2012
Disabling port 14 at Wed Apr  4 22:12:16 PDT 2012
Enabling port 14 at Wed Apr  4 22:12:26 PDT 2012
Disabling port 14 at Wed Apr  4 22:14:26 PDT 2012
Enabling port 14 at Wed Apr  4 22:14:36 PDT 2012
Disabling port 14 at Wed Apr  4 22:16:48 PDT 2012
Enabling port 14 at Wed Apr  4 22:16:58 PDT 2012
Disabling port 14 at Wed Apr  4 22:18:58 PDT 2012
Enabling port 14 at Wed Apr  4 22:19:08 PDT 2012
Disabling port 14 at Wed Apr  4 22:21:19 PDT 2012
Enabling port 14 at Wed Apr  4 22:21:29 PDT 2012
Disabling port 14 at Wed Apr  4 22:23:29 PDT 2012
Enabling port 14 at Wed Apr  4 22:23:39 PDT 2012
Disabling port 14 at Wed Apr  4 22:25:50 PDT 2012
Enabling port 14 at Wed Apr  4 22:26:00 PDT 2012
Disabling port 14 at Wed Apr  4 22:28:00 PDT 2012
Enabling port 14 at Wed Apr  4 22:28:10 PDT 2012
Disabling port 14 at Wed Apr  4 22:30:21 PDT 2012
Enabling port 14 at Wed Apr  4 22:30:31 PDT 2012
Disabling port 14 at Wed Apr  4 22:32:31 PDT 2012
Enabling port 14 at Wed Apr  4 22:32:42 PDT 2012
Disabling port 14 at Wed Apr  4 22:34:53 PDT 2012
Enabling port 14 at Wed Apr  4 22:35:03 PDT 2012
Disabling port 14 at Wed Apr  4 22:37:03 PDT 2012
Enabling port 14 at Wed Apr  4 22:37:13 PDT 2012
Disabling port 14 at Wed Apr  4 22:39:24 PDT 2012
Enabling port 14 at Wed Apr  4 22:39:34 PDT 2012
Disabling port 14 at Wed Apr  4 22:41:34 PDT 2012
Enabling port 14 at Wed Apr  4 22:41:44 PDT 2012
Disabling port 14 at Wed Apr  4 22:43:55 PDT 2012
Enabling port 14 at Wed Apr  4 22:44:05 PDT 2012
Disabling port 14 at Wed Apr  4 22:46:05 PDT 2012
Enabling port 14 at Wed Apr  4 22:46:15 PDT 2012
Disabling port 14 at Wed Apr  4 22:48:27 PDT 2012
Enabling port 14 at Wed Apr  4 22:48:37 PDT 2012
Disabling port 14 at Wed Apr  4 22:50:37 PDT 2012
Enabling port 14 at Wed Apr  4 22:50:47 PDT 2012
Disabling port 14 at Wed Apr  4 22:52:58 PDT 2012
Enabling port 14 at Wed Apr  4 22:53:08 PDT 2012
Disabling port 14 at Wed Apr  4 22:55:08 PDT 2012
Enabling port 14 at Wed Apr  4 22:55:18 PDT 2012
Disabling port 14 at Wed Apr  4 22:57:29 PDT 2012
Enabling port 14 at Wed Apr  4 22:57:39 PDT 2012
Disabling port 14 at Wed Apr  4 22:59:39 PDT 2012
Enabling port 14 at Wed Apr  4 22:59:49 PDT 2012
Disabling port 14 at Wed Apr  4 23:02:00 PDT 2012
Enabling port 14 at Wed Apr  4 23:02:10 PDT 2012
Disabling port 14 at Wed Apr  4 23:04:10 PDT 2012
Enabling port 14 at Wed Apr  4 23:04:21 PDT 2012
Disabling port 14 at Wed Apr  4 23:06:32 PDT 2012
Enabling port 14 at Wed Apr  4 23:06:42 PDT 2012
Disabling port 14 at Wed Apr  4 23:08:42 PDT 2012
Enabling port 14 at Wed Apr  4 23:08:52 PDT 2012
Disabling port 14 at Wed Apr  4 23:11:03 PDT 2012
Enabling port 14 at Wed Apr  4 23:11:13 PDT 2012
Disabling port 14 at Wed Apr  4 23:13:13 PDT 2012
Enabling port 14 at Wed Apr  4 23:13:23 PDT 2012
Disabling port 14 at Wed Apr  4 23:15:34 PDT 2012
Enabling port 14 at Wed Apr  4 23:15:44 PDT 2012
Disabling port 14 at Wed Apr  4 23:17:44 PDT 2012
Enabling port 14 at Wed Apr  4 23:17:54 PDT 2012
Disabling port 14 at Wed Apr  4 23:20:06 PDT 2012
Enabling port 14 at Wed Apr  4 23:20:16 PDT 2012
Disabling port 14 at Wed Apr  4 23:22:16 PDT 2012
Enabling port 14 at Wed Apr  4 23:22:26 PDT 2012
Disabling port 14 at Wed Apr  4 23:24:37 PDT 2012
Enabling port 14 at Wed Apr  4 23:24:47 PDT 2012
Disabling port 14 at Wed Apr  4 23:26:47 PDT 2012
Enabling port 14 at Wed Apr  4 23:26:57 PDT 2012
Disabling port 14 at Wed Apr  4 23:29:08 PDT 2012
Enabling port 14 at Wed Apr  4 23:29:18 PDT 2012
Disabling port 14 at Wed Apr  4 23:31:18 PDT 2012
Enabling port 14 at Wed Apr  4 23:31:28 PDT 2012
Disabling port 14 at Wed Apr  4 23:33:39 PDT 2012
Enabling port 14 at Wed Apr  4 23:33:50 PDT 2012
Disabling port 14 at Wed Apr  4 23:35:50 PDT 2012
Enabling port 14 at Wed Apr  4 23:36:00 PDT 2012
Disabling port 14 at Wed Apr  4 23:38:11 PDT 2012
Enabling port 14 at Wed Apr  4 23:38:21 PDT 2012
Disabling port 14 at Wed Apr  4 23:40:21 PDT 2012
Enabling port 14 at Wed Apr  4 23:40:31 PDT 2012
Disabling port 14 at Wed Apr  4 23:42:42 PDT 2012
Enabling port 14 at Wed Apr  4 23:42:52 PDT 2012
Disabling port 14 at Wed Apr  4 23:44:52 PDT 2012
Enabling port 14 at Wed Apr  4 23:45:02 PDT 2012
Disabling port 14 at Wed Apr  4 23:47:13 PDT 2012
Enabling port 14 at Wed Apr  4 23:47:23 PDT 2012
Disabling port 14 at Wed Apr  4 23:49:23 PDT 2012
Enabling port 14 at Wed Apr  4 23:49:34 PDT 2012
Disabling port 14 at Wed Apr  4 23:51:45 PDT 2012
Enabling port 14 at Wed Apr  4 23:51:55 PDT 2012
Disabling port 14 at Wed Apr  4 23:53:55 PDT 2012
Enabling port 14 at Wed Apr  4 23:54:05 PDT 2012
Disabling port 14 at Wed Apr  4 23:56:16 PDT 2012
Enabling port 14 at Wed Apr  4 23:56:26 PDT 2012
Disabling port 14 at Wed Apr  4 23:58:26 PDT 2012
Enabling port 14 at Wed Apr  4 23:58:36 PDT 2012
Disabling port 14 at Thu Apr  5 00:00:47 PDT 2012
Enabling port 14 at Thu Apr  5 00:00:57 PDT 2012
Disabling port 14 at Thu Apr  5 00:02:58 PDT 2012
Enabling port 14 at Thu Apr  5 00:03:08 PDT 2012
Disabling port 14 at Thu Apr  5 00:05:19 PDT 2012
Enabling port 14 at Thu Apr  5 00:05:29 PDT 2012
Disabling port 14 at Thu Apr  5 00:07:29 PDT 2012
Enabling port 14 at Thu Apr  5 00:07:39 PDT 2012
Disabling port 14 at Thu Apr  5 00:09:50 PDT 2012
Enabling port 14 at Thu Apr  5 00:10:00 PDT 2012
Disabling port 14 at Thu Apr  5 00:12:00 PDT 2012
Enabling port 14 at Thu Apr  5 00:12:10 PDT 2012
Disabling port 14 at Thu Apr  5 00:14:21 PDT 2012
Enabling port 14 at Thu Apr  5 00:14:31 PDT 2012
Disabling port 14 at Thu Apr  5 00:16:31 PDT 2012
Enabling port 14 at Thu Apr  5 00:16:41 PDT 2012
Disabling port 14 at Thu Apr  5 00:18:53 PDT 2012
Enabling port 14 at Thu Apr  5 00:19:03 PDT 2012
Disabling port 14 at Thu Apr  5 00:21:03 PDT 2012
Enabling port 14 at Thu Apr  5 00:21:13 PDT 2012
Disabling port 14 at Thu Apr  5 00:23:24 PDT 2012
Enabling port 14 at Thu Apr  5 00:23:34 PDT 2012
Disabling port 14 at Thu Apr  5 00:25:34 PDT 2012
Enabling port 14 at Thu Apr  5 00:25:44 PDT 2012
Disabling port 14 at Thu Apr  5 00:27:55 PDT 2012
Enabling port 14 at Thu Apr  5 00:28:05 PDT 2012
Disabling port 14 at Thu Apr  5 00:30:05 PDT 2012
Enabling port 14 at Thu Apr  5 00:30:15 PDT 2012
Disabling port 14 at Thu Apr  5 00:32:27 PDT 2012
Enabling port 14 at Thu Apr  5 00:32:37 PDT 2012
Disabling port 14 at Thu Apr  5 00:34:37 PDT 2012
Enabling port 14 at Thu Apr  5 00:34:47 PDT 2012
Disabling port 14 at Thu Apr  5 00:36:58 PDT 2012
Enabling port 14 at Thu Apr  5 00:37:08 PDT 2012
Disabling port 14 at Thu Apr  5 00:39:08 PDT 2012
Enabling port 14 at Thu Apr  5 00:39:18 PDT 2012
Disabling port 14 at Thu Apr  5 00:41:29 PDT 2012
Enabling port 14 at Thu Apr  5 00:41:39 PDT 2012
Disabling port 14 at Thu Apr  5 00:43:39 PDT 2012
Enabling port 14 at Thu Apr  5 00:43:49 PDT 2012
Disabling port 14 at Thu Apr  5 00:46:01 PDT 2012
Enabling port 14 at Thu Apr  5 00:46:11 PDT 2012
Disabling port 14 at Thu Apr  5 00:48:11 PDT 2012
Enabling port 14 at Thu Apr  5 00:48:21 PDT 2012
Disabling port 14 at Thu Apr  5 00:50:32 PDT 2012
Enabling port 14 at Thu Apr  5 00:50:42 PDT 2012
Disabling port 14 at Thu Apr  5 00:52:42 PDT 2012
Enabling port 14 at Thu Apr  5 00:52:52 PDT 2012
Disabling port 14 at Thu Apr  5 00:55:03 PDT 2012
Enabling port 14 at Thu Apr  5 00:55:13 PDT 2012
Disabling port 14 at Thu Apr  5 00:57:13 PDT 2012
Enabling port 14 at Thu Apr  5 00:57:23 PDT 2012
Disabling port 14 at Thu Apr  5 00:59:34 PDT 2012
Enabling port 14 at Thu Apr  5 00:59:45 PDT 2012
Disabling port 14 at Thu Apr  5 01:01:45 PDT 2012
Enabling port 14 at Thu Apr  5 01:01:55 PDT 2012
Disabling port 14 at Thu Apr  5 01:04:06 PDT 2012
Enabling port 14 at Thu Apr  5 01:04:16 PDT 2012
Disabling port 14 at Thu Apr  5 01:06:16 PDT 2012
Enabling port 14 at Thu Apr  5 01:06:26 PDT 2012
Disabling port 14 at Thu Apr  5 01:08:37 PDT 2012
Enabling port 14 at Thu Apr  5 01:08:47 PDT 2012
Disabling port 14 at Thu Apr  5 01:10:47 PDT 2012
Enabling port 14 at Thu Apr  5 01:10:57 PDT 2012
Disabling port 14 at Thu Apr  5 01:13:08 PDT 2012
Enabling port 14 at Thu Apr  5 01:13:18 PDT 2012
Disabling port 14 at Thu Apr  5 01:15:18 PDT 2012
Enabling port 14 at Thu Apr  5 01:15:29 PDT 2012
Disabling port 14 at Thu Apr  5 01:17:40 PDT 2012
Enabling port 14 at Thu Apr  5 01:17:50 PDT 2012
Disabling port 14 at Thu Apr  5 01:19:50 PDT 2012
Enabling port 14 at Thu Apr  5 01:20:00 PDT 2012
Disabling port 14 at Thu Apr  5 01:22:11 PDT 2012
Enabling port 14 at Thu Apr  5 01:22:21 PDT 2012
Disabling port 14 at Thu Apr  5 01:24:21 PDT 2012
Enabling port 14 at Thu Apr  5 01:24:31 PDT 2012
Disabling port 14 at Thu Apr  5 01:26:42 PDT 2012
Enabling port 14 at Thu Apr  5 01:26:52 PDT 2012
Disabling port 14 at Thu Apr  5 01:28:52 PDT 2012
Enabling port 14 at Thu Apr  5 01:29:03 PDT 2012
Disabling port 14 at Thu Apr  5 01:31:14 PDT 2012
Enabling port 14 at Thu Apr  5 01:31:24 PDT 2012
Disabling port 14 at Thu Apr  5 01:33:24 PDT 2012
Enabling port 14 at Thu Apr  5 01:33:34 PDT 2012
Disabling port 14 at Thu Apr  5 01:35:45 PDT 2012
Enabling port 14 at Thu Apr  5 01:35:55 PDT 2012
Disabling port 14 at Thu Apr  5 01:37:55 PDT 2012
Enabling port 14 at Thu Apr  5 01:38:05 PDT 2012
Disabling port 14 at Thu Apr  5 01:40:16 PDT 2012
Enabling port 14 at Thu Apr  5 01:40:26 PDT 2012
Disabling port 14 at Thu Apr  5 01:42:26 PDT 2012
Enabling port 14 at Thu Apr  5 01:42:36 PDT 2012
Disabling port 14 at Thu Apr  5 01:44:48 PDT 2012
Enabling port 14 at Thu Apr  5 01:44:58 PDT 2012
Disabling port 14 at Thu Apr  5 01:46:58 PDT 2012
Enabling port 14 at Thu Apr  5 01:47:08 PDT 2012
Disabling port 14 at Thu Apr  5 01:49:19 PDT 2012
Enabling port 14 at Thu Apr  5 01:49:29 PDT 2012
Disabling port 14 at Thu Apr  5 01:51:29 PDT 2012
Enabling port 14 at Thu Apr  5 01:51:39 PDT 2012
Disabling port 14 at Thu Apr  5 01:53:50 PDT 2012
Enabling port 14 at Thu Apr  5 01:54:00 PDT 2012
Disabling port 14 at Thu Apr  5 01:56:00 PDT 2012
Enabling port 14 at Thu Apr  5 01:56:10 PDT 2012
Disabling port 14 at Thu Apr  5 01:58:22 PDT 2012
Enabling port 14 at Thu Apr  5 01:58:32 PDT 2012
Disabling port 14 at Thu Apr  5 02:00:32 PDT 2012
Enabling port 14 at Thu Apr  5 02:00:42 PDT 2012
Disabling port 14 at Thu Apr  5 02:02:53 PDT 2012
Enabling port 14 at Thu Apr  5 02:03:03 PDT 2012
Disabling port 14 at Thu Apr  5 02:05:03 PDT 2012
Enabling port 14 at Thu Apr  5 02:05:13 PDT 2012
Disabling port 14 at Thu Apr  5 02:07:24 PDT 2012
Enabling port 14 at Thu Apr  5 02:07:34 PDT 2012
Disabling port 14 at Thu Apr  5 02:09:34 PDT 2012
Enabling port 14 at Thu Apr  5 02:09:44 PDT 2012
Disabling port 14 at Thu Apr  5 02:11:56 PDT 2012
Enabling port 14 at Thu Apr  5 02:12:06 PDT 2012
Disabling port 14 at Thu Apr  5 02:14:06 PDT 2012
Enabling port 14 at Thu Apr  5 02:14:16 PDT 2012
Disabling port 14 at Thu Apr  5 02:16:27 PDT 2012
Enabling port 14 at Thu Apr  5 02:16:37 PDT 2012
Disabling port 14 at Thu Apr  5 02:18:37 PDT 2012
Enabling port 14 at Thu Apr  5 02:18:47 PDT 2012
Disabling port 14 at Thu Apr  5 02:20:58 PDT 2012
Enabling port 14 at Thu Apr  5 02:21:08 PDT 2012
Disabling port 14 at Thu Apr  5 02:23:08 PDT 2012
Enabling port 14 at Thu Apr  5 02:23:18 PDT 2012
Disabling port 14 at Thu Apr  5 02:25:30 PDT 2012
Enabling port 14 at Thu Apr  5 02:25:40 PDT 2012
Disabling port 14 at Thu Apr  5 02:27:40 PDT 2012
Enabling port 14 at Thu Apr  5 02:27:50 PDT 2012
Disabling port 14 at Thu Apr  5 02:30:01 PDT 2012
Enabling port 14 at Thu Apr  5 02:30:11 PDT 2012
Disabling port 14 at Thu Apr  5 02:32:11 PDT 2012
Enabling port 14 at Thu Apr  5 02:32:21 PDT 2012
Disabling port 14 at Thu Apr  5 02:34:32 PDT 2012
Enabling port 14 at Thu Apr  5 02:34:42 PDT 2012
Disabling port 14 at Thu Apr  5 02:36:42 PDT 2012
Enabling port 14 at Thu Apr  5 02:36:52 PDT 2012
Disabling port 14 at Thu Apr  5 02:39:03 PDT 2012
Enabling port 14 at Thu Apr  5 02:39:13 PDT 2012
Disabling port 14 at Thu Apr  5 02:41:13 PDT 2012
Enabling port 14 at Thu Apr  5 02:41:24 PDT 2012
Disabling port 14 at Thu Apr  5 02:43:35 PDT 2012
Enabling port 14 at Thu Apr  5 02:43:45 PDT 2012
Disabling port 14 at Thu Apr  5 02:45:45 PDT 2012
Enabling port 14 at Thu Apr  5 02:45:55 PDT 2012
Disabling port 14 at Thu Apr  5 02:48:06 PDT 2012
Enabling port 14 at Thu Apr  5 02:48:16 PDT 2012
Disabling port 14 at Thu Apr  5 02:50:16 PDT 2012
Enabling port 14 at Thu Apr  5 02:50:26 PDT 2012
Disabling port 14 at Thu Apr  5 02:52:37 PDT 2012
Enabling port 14 at Thu Apr  5 02:52:47 PDT 2012
Disabling port 14 at Thu Apr  5 02:54:47 PDT 2012
Enabling port 14 at Thu Apr  5 02:54:57 PDT 2012
Disabling port 14 at Thu Apr  5 02:57:09 PDT 2012
Enabling port 14 at Thu Apr  5 02:57:19 PDT 2012
Disabling port 14 at Thu Apr  5 02:59:19 PDT 2012
Enabling port 14 at Thu Apr  5 02:59:29 PDT 2012
Disabling port 14 at Thu Apr  5 03:01:40 PDT 2012
Enabling port 14 at Thu Apr  5 03:01:50 PDT 2012
Disabling port 14 at Thu Apr  5 03:03:50 PDT 2012
Enabling port 14 at Thu Apr  5 03:04:00 PDT 2012
Disabling port 14 at Thu Apr  5 03:06:11 PDT 2012
Enabling port 14 at Thu Apr  5 03:06:21 PDT 2012
Disabling port 14 at Thu Apr  5 03:08:21 PDT 2012
Enabling port 14 at Thu Apr  5 03:08:31 PDT 2012
Disabling port 14 at Thu Apr  5 03:10:43 PDT 2012
Enabling port 14 at Thu Apr  5 03:10:53 PDT 2012
Disabling port 14 at Thu Apr  5 03:12:53 PDT 2012
Enabling port 14 at Thu Apr  5 03:13:03 PDT 2012
Disabling port 14 at Thu Apr  5 03:15:14 PDT 2012
Enabling port 14 at Thu Apr  5 03:15:24 PDT 2012
Disabling port 14 at Thu Apr  5 03:17:24 PDT 2012
Enabling port 14 at Thu Apr  5 03:17:34 PDT 2012
Disabling port 14 at Thu Apr  5 03:19:45 PDT 2012
Enabling port 14 at Thu Apr  5 03:19:55 PDT 2012
Disabling port 14 at Thu Apr  5 03:21:55 PDT 2012
Enabling port 14 at Thu Apr  5 03:22:06 PDT 2012
Disabling port 14 at Thu Apr  5 03:24:17 PDT 2012
Enabling port 14 at Thu Apr  5 03:24:27 PDT 2012
Disabling port 14 at Thu Apr  5 03:26:27 PDT 2012
Enabling port 14 at Thu Apr  5 03:26:37 PDT 2012
Disabling port 14 at Thu Apr  5 03:28:48 PDT 2012
Enabling port 14 at Thu Apr  5 03:28:58 PDT 2012
Disabling port 14 at Thu Apr  5 03:30:58 PDT 2012
Enabling port 14 at Thu Apr  5 03:31:08 PDT 2012
Disabling port 14 at Thu Apr  5 03:33:19 PDT 2012
Enabling port 14 at Thu Apr  5 03:33:29 PDT 2012
Disabling port 14 at Thu Apr  5 03:35:29 PDT 2012
Enabling port 14 at Thu Apr  5 03:35:39 PDT 2012
Disabling port 14 at Thu Apr  5 03:37:51 PDT 2012
Enabling port 14 at Thu Apr  5 03:38:01 PDT 2012
Disabling port 14 at Thu Apr  5 03:40:01 PDT 2012
Enabling port 14 at Thu Apr  5 03:40:11 PDT 2012
Disabling port 14 at Thu Apr  5 03:42:22 PDT 2012
Enabling port 14 at Thu Apr  5 03:42:32 PDT 2012
Disabling port 14 at Thu Apr  5 03:44:32 PDT 2012
Enabling port 14 at Thu Apr  5 03:44:42 PDT 2012
Disabling port 14 at Thu Apr  5 03:46:53 PDT 2012
Enabling port 14 at Thu Apr  5 03:47:03 PDT 2012
Disabling port 14 at Thu Apr  5 03:49:03 PDT 2012
Enabling port 14 at Thu Apr  5 03:49:13 PDT 2012
Disabling port 14 at Thu Apr  5 03:51:25 PDT 2012
Enabling port 14 at Thu Apr  5 03:51:35 PDT 2012
Disabling port 14 at Thu Apr  5 03:53:35 PDT 2012
Enabling port 14 at Thu Apr  5 03:53:45 PDT 2012
Disabling port 14 at Thu Apr  5 03:55:56 PDT 2012
Enabling port 14 at Thu Apr  5 03:56:06 PDT 2012
Disabling port 14 at Thu Apr  5 03:58:06 PDT 2012
Enabling port 14 at Thu Apr  5 03:58:16 PDT 2012
Disabling port 14 at Thu Apr  5 04:00:27 PDT 2012
Enabling port 14 at Thu Apr  5 04:00:37 PDT 2012
Disabling port 14 at Thu Apr  5 04:02:37 PDT 2012
Enabling port 14 at Thu Apr  5 04:02:48 PDT 2012
Disabling port 14 at Thu Apr  5 04:04:59 PDT 2012
Enabling port 14 at Thu Apr  5 04:05:09 PDT 2012
Disabling port 14 at Thu Apr  5 04:07:09 PDT 2012
Enabling port 14 at Thu Apr  5 04:07:19 PDT 2012
Disabling port 14 at Thu Apr  5 04:09:30 PDT 2012
Enabling port 14 at Thu Apr  5 04:09:40 PDT 2012
Disabling port 14 at Thu Apr  5 04:11:40 PDT 2012
Enabling port 14 at Thu Apr  5 04:11:50 PDT 2012
Disabling port 14 at Thu Apr  5 04:14:02 PDT 2012
Enabling port 14 at Thu Apr  5 04:14:12 PDT 2012
Disabling port 14 at Thu Apr  5 04:16:12 PDT 2012
Enabling port 14 at Thu Apr  5 04:16:22 PDT 2012
Disabling port 14 at Thu Apr  5 04:18:33 PDT 2012
Enabling port 14 at Thu Apr  5 04:18:43 PDT 2012
Disabling port 14 at Thu Apr  5 04:20:43 PDT 2012
Enabling port 14 at Thu Apr  5 04:20:53 PDT 2012
Disabling port 14 at Thu Apr  5 04:23:04 PDT 2012
Enabling port 14 at Thu Apr  5 04:23:14 PDT 2012
Disabling port 14 at Thu Apr  5 04:25:14 PDT 2012
Enabling port 14 at Thu Apr  5 04:25:25 PDT 2012
Disabling port 14 at Thu Apr  5 04:27:36 PDT 2012
Enabling port 14 at Thu Apr  5 04:27:46 PDT 2012
Disabling port 14 at Thu Apr  5 04:29:46 PDT 2012
Enabling port 14 at Thu Apr  5 04:29:56 PDT 2012
Disabling port 14 at Thu Apr  5 04:32:07 PDT 2012
Enabling port 14 at Thu Apr  5 04:32:17 PDT 2012
Disabling port 14 at Thu Apr  5 04:34:17 PDT 2012
Enabling port 14 at Thu Apr  5 04:34:27 PDT 2012
Disabling port 14 at Thu Apr  5 04:36:38 PDT 2012
Enabling port 14 at Thu Apr  5 04:36:48 PDT 2012
Disabling port 14 at Thu Apr  5 04:38:48 PDT 2012
Enabling port 14 at Thu Apr  5 04:38:58 PDT 2012
Disabling port 14 at Thu Apr  5 04:41:10 PDT 2012
Enabling port 14 at Thu Apr  5 04:41:20 PDT 2012
Disabling port 14 at Thu Apr  5 04:43:20 PDT 2012
Enabling port 14 at Thu Apr  5 04:43:30 PDT 2012
Disabling port 14 at Thu Apr  5 04:45:41 PDT 2012
Enabling port 14 at Thu Apr  5 04:45:51 PDT 2012
Disabling port 14 at Thu Apr  5 04:47:51 PDT 2012
Enabling port 14 at Thu Apr  5 04:48:01 PDT 2012
Disabling port 14 at Thu Apr  5 04:50:12 PDT 2012
Enabling port 14 at Thu Apr  5 04:50:22 PDT 2012
Disabling port 14 at Thu Apr  5 04:52:22 PDT 2012
Enabling port 14 at Thu Apr  5 04:52:32 PDT 2012
Disabling port 14 at Thu Apr  5 04:54:44 PDT 2012
Enabling port 14 at Thu Apr  5 04:54:54 PDT 2012
Disabling port 14 at Thu Apr  5 04:56:54 PDT 2012
Enabling port 14 at Thu Apr  5 04:57:04 PDT 2012
Disabling port 14 at Thu Apr  5 04:59:15 PDT 2012
Enabling port 14 at Thu Apr  5 04:59:25 PDT 2012
Disabling port 14 at Thu Apr  5 05:01:25 PDT 2012
Enabling port 14 at Thu Apr  5 05:01:35 PDT 2012
Disabling port 14 at Thu Apr  5 05:03:46 PDT 2012
Enabling port 14 at Thu Apr  5 05:03:56 PDT 2012
Disabling port 14 at Thu Apr  5 05:05:56 PDT 2012
Enabling port 14 at Thu Apr  5 05:06:06 PDT 2012
Disabling port 14 at Thu Apr  5 05:08:17 PDT 2012
Enabling port 14 at Thu Apr  5 05:08:27 PDT 2012
Disabling port 14 at Thu Apr  5 05:10:28 PDT 2012
Enabling port 14 at Thu Apr  5 05:10:38 PDT 2012
Disabling port 14 at Thu Apr  5 05:12:49 PDT 2012
Enabling port 14 at Thu Apr  5 05:12:59 PDT 2012
Disabling port 14 at Thu Apr  5 05:14:59 PDT 2012
Enabling port 14 at Thu Apr  5 05:15:09 PDT 2012
Disabling port 14 at Thu Apr  5 05:17:20 PDT 2012
Enabling port 14 at Thu Apr  5 05:17:30 PDT 2012
Disabling port 14 at Thu Apr  5 05:19:30 PDT 2012
Enabling port 14 at Thu Apr  5 05:19:40 PDT 2012
Disabling port 14 at Thu Apr  5 05:21:51 PDT 2012
Enabling port 14 at Thu Apr  5 05:22:01 PDT 2012
Disabling port 14 at Thu Apr  5 05:24:01 PDT 2012
Enabling port 14 at Thu Apr  5 05:24:11 PDT 2012
Disabling port 14 at Thu Apr  5 05:26:23 PDT 2012
Enabling port 14 at Thu Apr  5 05:26:33 PDT 2012
Disabling port 14 at Thu Apr  5 05:28:33 PDT 2012
Enabling port 14 at Thu Apr  5 05:28:43 PDT 2012
Disabling port 14 at Thu Apr  5 05:30:54 PDT 2012
Enabling port 14 at Thu Apr  5 05:31:04 PDT 2012
Disabling port 14 at Thu Apr  5 05:33:04 PDT 2012
Enabling port 14 at Thu Apr  5 05:33:14 PDT 2012
Disabling port 14 at Thu Apr  5 05:35:25 PDT 2012
Enabling port 14 at Thu Apr  5 05:35:35 PDT 2012
Disabling port 14 at Thu Apr  5 05:37:35 PDT 2012
Enabling port 14 at Thu Apr  5 05:37:45 PDT 2012
Disabling port 14 at Thu Apr  5 05:39:57 PDT 2012
Enabling port 14 at Thu Apr  5 05:40:07 PDT 2012
Disabling port 14 at Thu Apr  5 05:42:07 PDT 2012
Enabling port 14 at Thu Apr  5 05:42:17 PDT 2012
Disabling port 14 at Thu Apr  5 05:44:28 PDT 2012
Enabling port 14 at Thu Apr  5 05:44:38 PDT 2012
Disabling port 14 at Thu Apr  5 05:46:38 PDT 2012
Enabling port 14 at Thu Apr  5 05:46:48 PDT 2012
Disabling port 14 at Thu Apr  5 05:48:59 PDT 2012
Enabling port 14 at Thu Apr  5 05:49:09 PDT 2012
Disabling port 14 at Thu Apr  5 05:51:09 PDT 2012
Enabling port 14 at Thu Apr  5 05:51:19 PDT 2012
Disabling port 14 at Thu Apr  5 05:53:30 PDT 2012
Enabling port 14 at Thu Apr  5 05:53:41 PDT 2012
Disabling port 14 at Thu Apr  5 05:55:41 PDT 2012
Enabling port 14 at Thu Apr  5 05:55:51 PDT 2012
Disabling port 14 at Thu Apr  5 05:58:02 PDT 2012
Enabling port 14 at Thu Apr  5 05:58:12 PDT 2012
Disabling port 14 at Thu Apr  5 06:00:12 PDT 2012
Enabling port 14 at Thu Apr  5 06:00:22 PDT 2012
Disabling port 14 at Thu Apr  5 06:02:33 PDT 2012
Enabling port 14 at Thu Apr  5 06:02:43 PDT 2012
Disabling port 14 at Thu Apr  5 06:04:43 PDT 2012
Enabling port 14 at Thu Apr  5 06:04:53 PDT 2012
Disabling port 14 at Thu Apr  5 06:07:04 PDT 2012
Enabling port 14 at Thu Apr  5 06:07:14 PDT 2012
Disabling port 14 at Thu Apr  5 06:09:15 PDT 2012
Enabling port 14 at Thu Apr  5 06:09:25 PDT 2012
Disabling port 14 at Thu Apr  5 06:11:36 PDT 2012
Enabling port 14 at Thu Apr  5 06:11:46 PDT 2012
Disabling port 14 at Thu Apr  5 06:13:46 PDT 2012
Enabling port 14 at Thu Apr  5 06:13:56 PDT 2012
Disabling port 14 at Thu Apr  5 06:16:07 PDT 2012
Enabling port 14 at Thu Apr  5 06:16:17 PDT 2012
Disabling port 14 at Thu Apr  5 06:18:17 PDT 2012
Enabling port 14 at Thu Apr  5 06:18:27 PDT 2012
Disabling port 14 at Thu Apr  5 06:20:38 PDT 2012
Enabling port 14 at Thu Apr  5 06:20:48 PDT 2012
Disabling port 14 at Thu Apr  5 06:22:49 PDT 2012
Enabling port 14 at Thu Apr  5 06:22:59 PDT 2012
Disabling port 14 at Thu Apr  5 06:25:10 PDT 2012
Enabling port 14 at Thu Apr  5 06:25:20 PDT 2012
Disabling port 14 at Thu Apr  5 06:27:20 PDT 2012
Enabling port 14 at Thu Apr  5 06:27:30 PDT 2012
Disabling port 14 at Thu Apr  5 06:29:41 PDT 2012
Enabling port 14 at Thu Apr  5 06:29:51 PDT 2012
Disabling port 14 at Thu Apr  5 06:31:51 PDT 2012
Enabling port 14 at Thu Apr  5 06:32:01 PDT 2012
Disabling port 14 at Thu Apr  5 06:34:13 PDT 2012
Enabling port 14 at Thu Apr  5 06:34:23 PDT 2012
Disabling port 14 at Thu Apr  5 06:36:23 PDT 2012
Enabling port 14 at Thu Apr  5 06:36:33 PDT 2012
Disabling port 14 at Thu Apr  5 06:38:44 PDT 2012
Enabling port 14 at Thu Apr  5 06:38:54 PDT 2012
Disabling port 14 at Thu Apr  5 06:40:54 PDT 2012
Enabling port 14 at Thu Apr  5 06:41:04 PDT 2012
Disabling port 14 at Thu Apr  5 06:43:15 PDT 2012
Enabling port 14 at Thu Apr  5 06:43:25 PDT 2012
Disabling port 14 at Thu Apr  5 06:45:25 PDT 2012
Enabling port 14 at Thu Apr  5 06:45:35 PDT 2012
Disabling port 14 at Thu Apr  5 06:47:47 PDT 2012
Enabling port 14 at Thu Apr  5 06:47:57 PDT 2012
Disabling port 14 at Thu Apr  5 06:49:57 PDT 2012
Enabling port 14 at Thu Apr  5 06:50:07 PDT 2012
Disabling port 14 at Thu Apr  5 06:52:18 PDT 2012
Enabling port 14 at Thu Apr  5 06:52:28 PDT 2012
Disabling port 14 at Thu Apr  5 06:54:28 PDT 2012
Enabling port 14 at Thu Apr  5 06:54:38 PDT 2012
Disabling port 14 at Thu Apr  5 06:56:49 PDT 2012
Enabling port 14 at Thu Apr  5 06:56:59 PDT 2012
Disabling port 14 at Thu Apr  5 06:58:59 PDT 2012
Enabling port 14 at Thu Apr  5 06:59:09 PDT 2012
Disabling port 14 at Thu Apr  5 07:01:20 PDT 2012
Enabling port 14 at Thu Apr  5 07:01:30 PDT 2012
Disabling port 14 at Thu Apr  5 07:03:30 PDT 2012
Enabling port 14 at Thu Apr  5 07:03:41 PDT 2012
Disabling port 14 at Thu Apr  5 07:05:52 PDT 2012
Enabling port 14 at Thu Apr  5 07:06:02 PDT 2012
Disabling port 14 at Thu Apr  5 07:08:02 PDT 2012
Enabling port 14 at Thu Apr  5 07:08:12 PDT 2012
Disabling port 14 at Thu Apr  5 07:10:23 PDT 2012
Enabling port 14 at Thu Apr  5 07:10:33 PDT 2012
Disabling port 14 at Thu Apr  5 07:12:33 PDT 2012
Enabling port 14 at Thu Apr  5 07:12:43 PDT 2012
Disabling port 14 at Thu Apr  5 07:14:54 PDT 2012
Enabling port 14 at Thu Apr  5 07:15:04 PDT 2012
Disabling port 14 at Thu Apr  5 07:17:04 PDT 2012
Enabling port 14 at Thu Apr  5 07:17:14 PDT 2012
Disabling port 14 at Thu Apr  5 07:19:26 PDT 2012
Enabling port 14 at Thu Apr  5 07:19:36 PDT 2012
Disabling port 14 at Thu Apr  5 07:21:36 PDT 2012
Enabling port 14 at Thu Apr  5 07:21:46 PDT 2012
Disabling port 14 at Thu Apr  5 07:23:57 PDT 2012
Enabling port 14 at Thu Apr  5 07:24:07 PDT 2012
Disabling port 14 at Thu Apr  5 07:26:07 PDT 2012
Enabling port 14 at Thu Apr  5 07:26:17 PDT 2012
Disabling port 14 at Thu Apr  5 07:28:28 PDT 2012
Enabling port 14 at Thu Apr  5 07:28:38 PDT 2012
Disabling port 14 at Thu Apr  5 07:30:38 PDT 2012
Enabling port 14 at Thu Apr  5 07:30:48 PDT 2012
Disabling port 14 at Thu Apr  5 07:33:00 PDT 2012
Enabling port 14 at Thu Apr  5 07:33:10 PDT 2012
Disabling port 14 at Thu Apr  5 07:35:10 PDT 2012
Enabling port 14 at Thu Apr  5 07:35:20 PDT 2012
Disabling port 14 at Thu Apr  5 07:37:31 PDT 2012
Enabling port 14 at Thu Apr  5 07:37:41 PDT 2012
Disabling port 14 at Thu Apr  5 07:39:41 PDT 2012
Enabling port 14 at Thu Apr  5 07:39:51 PDT 2012
Disabling port 14 at Thu Apr  5 07:42:02 PDT 2012
Enabling port 14 at Thu Apr  5 07:42:12 PDT 2012
Disabling port 14 at Thu Apr  5 07:44:12 PDT 2012
Enabling port 14 at Thu Apr  5 07:44:22 PDT 2012
Disabling port 14 at Thu Apr  5 07:46:33 PDT 2012
Enabling port 14 at Thu Apr  5 07:46:44 PDT 2012
Disabling port 14 at Thu Apr  5 07:48:44 PDT 2012
Enabling port 14 at Thu Apr  5 07:48:54 PDT 2012
Disabling port 14 at Thu Apr  5 07:51:05 PDT 2012
Enabling port 14 at Thu Apr  5 07:51:15 PDT 2012
Disabling port 14 at Thu Apr  5 07:53:15 PDT 2012
Enabling port 14 at Thu Apr  5 07:53:25 PDT 2012
Disabling port 14 at Thu Apr  5 07:55:36 PDT 2012
Enabling port 14 at Thu Apr  5 07:55:46 PDT 2012
Disabling port 14 at Thu Apr  5 07:57:46 PDT 2012
Enabling port 14 at Thu Apr  5 07:57:56 PDT 2012
Disabling port 14 at Thu Apr  5 08:00:08 PDT 2012
Enabling port 14 at Thu Apr  5 08:00:18 PDT 2012
Disabling port 14 at Thu Apr  5 08:02:18 PDT 2012
Enabling port 14 at Thu Apr  5 08:02:28 PDT 2012
Disabling port 14 at Thu Apr  5 08:04:39 PDT 2012
Enabling port 14 at Thu Apr  5 08:04:49 PDT 2012
Disabling port 14 at Thu Apr  5 08:06:49 PDT 2012
Enabling port 14 at Thu Apr  5 08:06:59 PDT 2012
Disabling port 14 at Thu Apr  5 08:09:10 PDT 2012
Enabling port 14 at Thu Apr  5 08:09:20 PDT 2012
Disabling port 14 at Thu Apr  5 08:11:20 PDT 2012
Enabling port 14 at Thu Apr  5 08:11:30 PDT 2012
Disabling port 14 at Thu Apr  5 08:13:41 PDT 2012
Enabling port 14 at Thu Apr  5 08:13:52 PDT 2012
Disabling port 14 at Thu Apr  5 08:15:52 PDT 2012
Enabling port 14 at Thu Apr  5 08:16:02 PDT 2012
Disabling port 14 at Thu Apr  5 08:18:13 PDT 2012
Enabling port 14 at Thu Apr  5 08:18:23 PDT 2012
Disabling port 14 at Thu Apr  5 08:20:23 PDT 2012
Enabling port 14 at Thu Apr  5 08:20:33 PDT 2012
Disabling port 14 at Thu Apr  5 08:22:44 PDT 2012
Enabling port 14 at Thu Apr  5 08:22:54 PDT 2012
Disabling port 14 at Thu Apr  5 08:24:54 PDT 2012
Enabling port 14 at Thu Apr  5 08:25:04 PDT 2012
